<?xml version="1.0" encoding="UTF-8"?>
<!-- Generated by org.testng.reporters.JUnitXMLReporter -->
<testsuite ignored="2" hostname="KICHCHABOSS" failures="0" tests="7" name="Test" time="17.231" errors="0" timestamp="2024-03-05T22:18:29 IST">
  <testcase classname="com.actitime.testscripts.TaskModule" name="deleteTask" time="0.041"/>
  <testcase classname="com.actitime.testscripts.TaskModule" name="modifyTask" time="0.008"/>
  <testcase classname="com.actitime.testscripts.CustomerModule" name="createCustomer" time="0.003"/>
  <testcase classname="com.actitime.testscripts.CustomerModule" name="deleteCustomer" time="0.003"/>
  <testcase classname="com.actitime.testscripts.CustomerModule" name="modifyCustomer" time="0.002"/>
  <testcase classname="com.actitime.testscripts.ProjectModule" name="deleteProject" time="0.003"/>
  <testcase classname="com.actitime.testscripts.ProjectModule" name="modifyProject" time="0.003"/>
  <testcase classname="com.actitime.testscripts.TaskModule" name="createTask" time="0.0">
    <ignored/>
  </testcase> <!-- createTask -->
  <testcase classname="com.actitime.testscripts.ProjectModule" name="createProject" time="0.0">
    <ignored/>
  </testcase> <!-- createProject -->
</testsuite> <!-- Test -->
