<?xml version="1.0" encoding="UTF-8"?>
<!-- Generated by org.testng.reporters.JUnitXMLReporter -->
<testsuite ignored="0" hostname="KICHCHABOSS" failures="0" tests="3" name="Default test" time="12.624" errors="0" timestamp="2024-03-05T22:06:39 IST">
  <testcase classname="com.actitime.testscripts.TaskModule" name="createTask" time="0.008"/>
  <testcase classname="com.actitime.testscripts.TaskModule" name="deleteTask" time="0.003"/>
  <testcase classname="com.actitime.testscripts.TaskModule" name="modifyTask" time="0.011"/>
</testsuite> <!-- Default test -->
